Started GET "/" for 127.0.0.1 at 2017-11-03 18:40:37 +0700
Processing by StaticPagesController#home as HTML
  Rendering static_pages/home.html.erb within layouts/application
  Rendered static_pages/home.html.erb within layouts/application (0.8ms)
Completed 500 Internal Server Error in 260ms


  
ActionView::Template::Error (File to import not found or unreadable: bootstrap-sprockets.
Load paths:
  /home/student/Documents/workspace/blog/app/assets/config
  /home/student/Documents/workspace/blog/app/assets/images
  /home/student/Documents/workspace/blog/app/assets/javascripts
  /home/student/Documents/workspace/blog/app/assets/stylesheets
  /home/student/.rvm/gems/ruby-2.3.1/gems/coffee-rails-4.2.2/lib/assets/javascripts
  /home/student/.rvm/gems/ruby-2.3.1/gems/actioncable-5.1.4/lib/assets/compiled
  /home/student/.rvm/gems/ruby-2.3.1/gems/actionview-5.1.4/lib/assets/compiled
  /home/student/.rvm/gems/ruby-2.3.1/gems/turbolinks-source-5.0.3/lib/assets/javascripts
  /home/student/Documents/workspace/blog/node_modules):
    4:     <title>Linhtinh</title>
    5:     <%= csrf_meta_tags %>
    6: 
    7:     <%= stylesheet_link_tag    'application', media: 'all', 'data-turbolinks-track': 'reload' %>
    8:     <%= javascript_include_tag 'application', 'data-turbolinks-track': 'reload' %>
    9:   </head>
   10: 
  
app/assets/stylesheets/custom.scss:1
app/views/layouts/application.html.erb:7:in `_app_views_layouts_application_html_erb__2984991085927050702_26204820'
Started GET "/" for 127.0.0.1 at 2017-11-03 18:40:39 +0700
Processing by StaticPagesController#home as HTML
  Rendering static_pages/home.html.erb within layouts/application
  Rendered static_pages/home.html.erb within layouts/application (0.4ms)
Completed 500 Internal Server Error in 17ms


  
ActionView::Template::Error (File to import not found or unreadable: bootstrap-sprockets.
Load paths:
  /home/student/Documents/workspace/blog/app/assets/config
  /home/student/Documents/workspace/blog/app/assets/images
  /home/student/Documents/workspace/blog/app/assets/javascripts
  /home/student/Documents/workspace/blog/app/assets/stylesheets
  /home/student/.rvm/gems/ruby-2.3.1/gems/coffee-rails-4.2.2/lib/assets/javascripts
  /home/student/.rvm/gems/ruby-2.3.1/gems/actioncable-5.1.4/lib/assets/compiled
  /home/student/.rvm/gems/ruby-2.3.1/gems/actionview-5.1.4/lib/assets/compiled
  /home/student/.rvm/gems/ruby-2.3.1/gems/turbolinks-source-5.0.3/lib/assets/javascripts
  /home/student/Documents/workspace/blog/node_modules):
    4:     <title>Linhtinh</title>
    5:     <%= csrf_meta_tags %>
    6: 
    7:     <%= stylesheet_link_tag    'application', media: 'all', 'data-turbolinks-track': 'reload' %>
    8:     <%= javascript_include_tag 'application', 'data-turbolinks-track': 'reload' %>
    9:   </head>
   10: 
  
app/assets/stylesheets/custom.scss:1
app/views/layouts/application.html.erb:7:in `_app_views_layouts_application_html_erb__2984991085927050702_32755980'
Started GET "/" for 127.0.0.1 at 2017-11-03 18:40:40 +0700
Processing by StaticPagesController#home as HTML
  Rendering static_pages/home.html.erb within layouts/application
  Rendered static_pages/home.html.erb within layouts/application (0.4ms)
Completed 500 Internal Server Error in 11ms


  
ActionView::Template::Error (File to import not found or unreadable: bootstrap-sprockets.
Load paths:
  /home/student/Documents/workspace/blog/app/assets/config
  /home/student/Documents/workspace/blog/app/assets/images
  /home/student/Documents/workspace/blog/app/assets/javascripts
  /home/student/Documents/workspace/blog/app/assets/stylesheets
  /home/student/.rvm/gems/ruby-2.3.1/gems/coffee-rails-4.2.2/lib/assets/javascripts
  /home/student/.rvm/gems/ruby-2.3.1/gems/actioncable-5.1.4/lib/assets/compiled
  /home/student/.rvm/gems/ruby-2.3.1/gems/actionview-5.1.4/lib/assets/compiled
  /home/student/.rvm/gems/ruby-2.3.1/gems/turbolinks-source-5.0.3/lib/assets/javascripts
  /home/student/Documents/workspace/blog/node_modules):
    4:     <title>Linhtinh</title>
    5:     <%= csrf_meta_tags %>
    6: 
    7:     <%= stylesheet_link_tag    'application', media: 'all', 'data-turbolinks-track': 'reload' %>
    8:     <%= javascript_include_tag 'application', 'data-turbolinks-track': 'reload' %>
    9:   </head>
   10: 
  
app/assets/stylesheets/custom.scss:1
app/views/layouts/application.html.erb:7:in `_app_views_layouts_application_html_erb__2984991085927050702_70176251177200'
Started GET "/" for 127.0.0.1 at 2017-11-03 18:42:46 +0700
Processing by StaticPagesController#home as HTML
  Rendering static_pages/home.html.erb within layouts/application
  Rendered static_pages/home.html.erb within layouts/application (0.3ms)
Completed 500 Internal Server Error in 13ms


  
ActionView::Template::Error (File to import not found or unreadable: bootstrap-sprockets.
Load paths:
  /home/student/Documents/workspace/blog/app/assets/config
  /home/student/Documents/workspace/blog/app/assets/images
  /home/student/Documents/workspace/blog/app/assets/javascripts
  /home/student/Documents/workspace/blog/app/assets/stylesheets
  /home/student/.rvm/gems/ruby-2.3.1/gems/coffee-rails-4.2.2/lib/assets/javascripts
  /home/student/.rvm/gems/ruby-2.3.1/gems/actioncable-5.1.4/lib/assets/compiled
  /home/student/.rvm/gems/ruby-2.3.1/gems/actionview-5.1.4/lib/assets/compiled
  /home/student/.rvm/gems/ruby-2.3.1/gems/turbolinks-source-5.0.3/lib/assets/javascripts
  /home/student/Documents/workspace/blog/node_modules):
    4:     <title>Blog</title>
    5:     <%= csrf_meta_tags %>
    6: 
    7:     <%= stylesheet_link_tag    'application', media: 'all', 'data-turbolinks-track': 'reload' %>
    8:     <%= javascript_include_tag 'application', 'data-turbolinks-track': 'reload' %>
    9:   </head>
   10: 
  
app/assets/stylesheets/custom.scss:1
app/views/layouts/application.html.erb:7:in `_app_views_layouts_application_html_erb__2984991085927050702_26176040'
Started GET "/" for 127.0.0.1 at 2017-11-03 18:42:47 +0700
Processing by StaticPagesController#home as HTML
  Rendering static_pages/home.html.erb within layouts/application
  Rendered static_pages/home.html.erb within layouts/application (0.4ms)
Completed 500 Internal Server Error in 13ms


  
ActionView::Template::Error (File to import not found or unreadable: bootstrap-sprockets.
Load paths:
  /home/student/Documents/workspace/blog/app/assets/config
  /home/student/Documents/workspace/blog/app/assets/images
  /home/student/Documents/workspace/blog/app/assets/javascripts
  /home/student/Documents/workspace/blog/app/assets/stylesheets
  /home/student/.rvm/gems/ruby-2.3.1/gems/coffee-rails-4.2.2/lib/assets/javascripts
  /home/student/.rvm/gems/ruby-2.3.1/gems/actioncable-5.1.4/lib/assets/compiled
  /home/student/.rvm/gems/ruby-2.3.1/gems/actionview-5.1.4/lib/assets/compiled
  /home/student/.rvm/gems/ruby-2.3.1/gems/turbolinks-source-5.0.3/lib/assets/javascripts
  /home/student/Documents/workspace/blog/node_modules):
    4:     <title>Blog</title>
    5:     <%= csrf_meta_tags %>
    6: 
    7:     <%= stylesheet_link_tag    'application', media: 'all', 'data-turbolinks-track': 'reload' %>
    8:     <%= javascript_include_tag 'application', 'data-turbolinks-track': 'reload' %>
    9:   </head>
   10: 
  
app/assets/stylesheets/custom.scss:1
app/views/layouts/application.html.erb:7:in `_app_views_layouts_application_html_erb__2984991085927050702_12563320'
Started GET "/" for 127.0.0.1 at 2017-11-03 18:42:48 +0700
Processing by StaticPagesController#home as HTML
  Rendering static_pages/home.html.erb within layouts/application
  Rendered static_pages/home.html.erb within layouts/application (0.2ms)
Completed 500 Internal Server Error in 14ms


  
ActionView::Template::Error (File to import not found or unreadable: bootstrap-sprockets.
Load paths:
  /home/student/Documents/workspace/blog/app/assets/config
  /home/student/Documents/workspace/blog/app/assets/images
  /home/student/Documents/workspace/blog/app/assets/javascripts
  /home/student/Documents/workspace/blog/app/assets/stylesheets
  /home/student/.rvm/gems/ruby-2.3.1/gems/coffee-rails-4.2.2/lib/assets/javascripts
  /home/student/.rvm/gems/ruby-2.3.1/gems/actioncable-5.1.4/lib/assets/compiled
  /home/student/.rvm/gems/ruby-2.3.1/gems/actionview-5.1.4/lib/assets/compiled
  /home/student/.rvm/gems/ruby-2.3.1/gems/turbolinks-source-5.0.3/lib/assets/javascripts
  /home/student/Documents/workspace/blog/node_modules):
    4:     <title>Blog</title>
    5:     <%= csrf_meta_tags %>
    6: 
    7:     <%= stylesheet_link_tag    'application', media: 'all', 'data-turbolinks-track': 'reload' %>
    8:     <%= javascript_include_tag 'application', 'data-turbolinks-track': 'reload' %>
    9:   </head>
   10: 
  
app/assets/stylesheets/custom.scss:1
app/views/layouts/application.html.erb:7:in `_app_views_layouts_application_html_erb__2984991085927050702_12008360'
Started GET "/" for 127.0.0.1 at 2017-11-03 18:43:57 +0700
Processing by StaticPagesController#home as HTML
  Rendering static_pages/home.html.erb within layouts/application
  Rendered static_pages/home.html.erb within layouts/application (0.3ms)
Completed 500 Internal Server Error in 18ms


  
ActionView::Template::Error (File to import not found or unreadable: bootstrap-sprockets.
Load paths:
  /home/student/Documents/workspace/blog/app/assets/config
  /home/student/Documents/workspace/blog/app/assets/images
  /home/student/Documents/workspace/blog/app/assets/javascripts
  /home/student/Documents/workspace/blog/app/assets/stylesheets
  /home/student/.rvm/gems/ruby-2.3.1/gems/coffee-rails-4.2.2/lib/assets/javascripts
  /home/student/.rvm/gems/ruby-2.3.1/gems/actioncable-5.1.4/lib/assets/compiled
  /home/student/.rvm/gems/ruby-2.3.1/gems/actionview-5.1.4/lib/assets/compiled
  /home/student/.rvm/gems/ruby-2.3.1/gems/turbolinks-source-5.0.3/lib/assets/javascripts
  /home/student/Documents/workspace/blog/node_modules):
    4:     <title>Blog</title>
    5:     <%= csrf_meta_tags %>
    6: 
    7:     <%= stylesheet_link_tag    'application', media: 'all', 'data-turbolinks-track': 'reload' %>
    8:     <%= javascript_include_tag 'application', 'data-turbolinks-track': 'reload' %>
    9:   </head>
   10: 
  
app/assets/stylesheets/custom.scss:1
app/views/layouts/application.html.erb:7:in `_app_views_layouts_application_html_erb__2984991085927050702_70176262474820'
Started POST "/__web_console/repl_sessions/21ac7147c5ca0107d1065cd899846a98/trace" for 127.0.0.1 at 2017-11-03 18:44:13 +0700
Started POST "/__web_console/repl_sessions/21ac7147c5ca0107d1065cd899846a98/trace" for 127.0.0.1 at 2017-11-03 18:44:14 +0700
Started POST "/__web_console/repl_sessions/21ac7147c5ca0107d1065cd899846a98/trace" for 127.0.0.1 at 2017-11-03 18:44:15 +0700
Started POST "/__web_console/repl_sessions/21ac7147c5ca0107d1065cd899846a98/trace" for 127.0.0.1 at 2017-11-03 18:44:15 +0700
Started POST "/__web_console/repl_sessions/21ac7147c5ca0107d1065cd899846a98/trace" for 127.0.0.1 at 2017-11-03 18:44:15 +0700
Started POST "/__web_console/repl_sessions/21ac7147c5ca0107d1065cd899846a98/trace" for 127.0.0.1 at 2017-11-03 18:44:23 +0700
Started GET "/" for 127.0.0.1 at 2017-11-03 18:45:34 +0700
Processing by StaticPagesController#home as HTML
  Rendering static_pages/home.html.erb within layouts/application
  Rendered static_pages/home.html.erb within layouts/application (0.6ms)
  Rendered layouts/_header.html.erb (0.2ms)
Completed 200 OK in 4382ms (Views: 4273.2ms)


Started GET "/" for 127.0.0.1 at 2017-11-03 18:46:32 +0700
Processing by StaticPagesController#home as HTML
  Rendering static_pages/home.html.erb within layouts/application
  Rendered static_pages/home.html.erb within layouts/application (0.2ms)
  Rendered layouts/_header.html.erb (0.2ms)
Completed 200 OK in 23ms (Views: 22.2ms)


Started GET "/" for 127.0.0.1 at 2017-11-03 18:46:33 +0700
Processing by StaticPagesController#home as HTML
  Rendering static_pages/home.html.erb within layouts/application
  Rendered static_pages/home.html.erb within layouts/application (0.3ms)
  Rendered layouts/_header.html.erb (0.3ms)
Completed 200 OK in 28ms (Views: 26.7ms)


Started GET "/" for 127.0.0.1 at 2017-11-03 18:46:33 +0700
Processing by StaticPagesController#home as HTML
  Rendering static_pages/home.html.erb within layouts/application
  Rendered static_pages/home.html.erb within layouts/application (0.8ms)
  Rendered layouts/_header.html.erb (0.3ms)
Completed 200 OK in 48ms (Views: 46.2ms)


Started GET "/" for 127.0.0.1 at 2017-11-03 18:46:33 +0700
Processing by StaticPagesController#home as HTML
  Rendering static_pages/home.html.erb within layouts/application
  Rendered static_pages/home.html.erb within layouts/application (0.3ms)
  Rendered layouts/_header.html.erb (0.2ms)
Completed 200 OK in 28ms (Views: 26.7ms)


Started GET "/" for 127.0.0.1 at 2017-11-03 18:46:46 +0700
Processing by StaticPagesController#home as HTML
  Rendering static_pages/home.html.erb within layouts/application
  Rendered static_pages/home.html.erb within layouts/application (0.4ms)
  Rendered layouts/_header.html.erb (0.3ms)
Completed 200 OK in 28ms (Views: 24.5ms)


Started GET "/" for 127.0.0.1 at 2017-11-03 18:46:47 +0700
Processing by StaticPagesController#home as HTML
  Rendering static_pages/home.html.erb within layouts/application
  Rendered static_pages/home.html.erb within layouts/application (0.2ms)
  Rendered layouts/_header.html.erb (0.3ms)
Completed 200 OK in 27ms (Views: 25.8ms)


Started GET "/" for 127.0.0.1 at 2017-11-03 18:46:48 +0700
Processing by StaticPagesController#home as HTML
  Rendering static_pages/home.html.erb within layouts/application
  Rendered static_pages/home.html.erb within layouts/application (0.7ms)
  Rendered layouts/_header.html.erb (0.2ms)
Completed 200 OK in 49ms (Views: 47.1ms)


Started GET "/" for 127.0.0.1 at 2017-11-03 18:46:49 +0700
Processing by StaticPagesController#home as HTML
  Rendering static_pages/home.html.erb within layouts/application
  Rendered static_pages/home.html.erb within layouts/application (0.7ms)
  Rendered layouts/_header.html.erb (0.3ms)
Completed 200 OK in 46ms (Views: 44.4ms)


Started GET "/" for 127.0.0.1 at 2017-11-03 18:46:49 +0700
Processing by StaticPagesController#home as HTML
  Rendering static_pages/home.html.erb within layouts/application
  Rendered static_pages/home.html.erb within layouts/application (0.8ms)
  Rendered layouts/_header.html.erb (0.3ms)
Completed 200 OK in 49ms (Views: 47.3ms)


Started GET "/" for 127.0.0.1 at 2017-11-03 18:46:49 +0700
Processing by StaticPagesController#home as HTML
  Rendering static_pages/home.html.erb within layouts/application
  Rendered static_pages/home.html.erb within layouts/application (0.3ms)
  Rendered layouts/_header.html.erb (0.2ms)
Completed 200 OK in 44ms (Views: 37.9ms)


Started GET "/" for 127.0.0.1 at 2017-11-03 18:46:50 +0700
Processing by StaticPagesController#home as HTML
  Rendering static_pages/home.html.erb within layouts/application
  Rendered static_pages/home.html.erb within layouts/application (0.4ms)
  Rendered layouts/_header.html.erb (0.2ms)
Completed 200 OK in 25ms (Views: 23.4ms)


Started GET "/" for 127.0.0.1 at 2017-11-03 18:47:27 +0700
Processing by StaticPagesController#home as HTML
  Rendering static_pages/home.html.erb within layouts/application
  Rendered static_pages/home.html.erb within layouts/application (0.6ms)
  Rendered layouts/_header.html.erb (0.3ms)
Completed 200 OK in 22ms (Views: 21.6ms)


Started GET "/" for 127.0.0.1 at 2017-11-03 18:48:18 +0700
Processing by StaticPagesController#home as HTML
  Rendering static_pages/home.html.erb within layouts/application
  Rendered static_pages/home.html.erb within layouts/application (0.3ms)
  Rendered layouts/_header.html.erb (0.3ms)
Completed 200 OK in 31ms (Views: 30.0ms)


Started GET "/" for 127.0.0.1 at 2017-11-03 18:48:46 +0700
Processing by StaticPagesController#home as HTML
  Rendering static_pages/home.html.erb within layouts/application
  Rendered static_pages/home.html.erb within layouts/application (0.2ms)
  Rendered layouts/_header.html.erb (0.2ms)
  Rendered layouts/_footer.html.erb (0.2ms)
Completed 200 OK in 25ms (Views: 24.3ms)


Started GET "/" for 127.0.0.1 at 2017-11-03 18:52:37 +0700
Processing by StaticPagesController#home as HTML
  Rendering static_pages/home.html.erb within layouts/application
  Rendered static_pages/home.html.erb within layouts/application (0.3ms)
  Rendered layouts/_header.html.erb (0.2ms)
  Rendered layouts/_footer.html.erb (0.2ms)
Completed 200 OK in 23ms (Views: 22.1ms)


Started GET "/" for 127.0.0.1 at 2017-11-03 18:52:38 +0700
Processing by StaticPagesController#home as HTML
  Rendering static_pages/home.html.erb within layouts/application
  Rendered static_pages/home.html.erb within layouts/application (0.9ms)
  Rendered layouts/_header.html.erb (0.7ms)
  Rendered layouts/_footer.html.erb (0.2ms)
Completed 200 OK in 30ms (Views: 28.9ms)


Started GET "/" for 127.0.0.1 at 2017-11-03 18:52:38 +0700
Processing by StaticPagesController#home as HTML
  Rendering static_pages/home.html.erb within layouts/application
  Rendered static_pages/home.html.erb within layouts/application (0.3ms)
  Rendered layouts/_header.html.erb (0.3ms)
  Rendered layouts/_footer.html.erb (0.2ms)
Completed 200 OK in 31ms (Views: 29.9ms)


Started GET "/" for 127.0.0.1 at 2017-11-03 18:52:41 +0700
Processing by StaticPagesController#home as HTML
  Rendering static_pages/home.html.erb within layouts/application
  Rendered static_pages/home.html.erb within layouts/application (0.3ms)
  Rendered layouts/_header.html.erb (0.5ms)
  Rendered layouts/_footer.html.erb (0.5ms)
Completed 200 OK in 24ms (Views: 21.3ms)


Started GET "/" for 127.0.0.1 at 2017-11-03 18:52:42 +0700
Processing by StaticPagesController#home as HTML
  Rendering static_pages/home.html.erb within layouts/application
  Rendered static_pages/home.html.erb within layouts/application (0.3ms)
  Rendered layouts/_header.html.erb (0.3ms)
  Rendered layouts/_footer.html.erb (0.2ms)
Completed 200 OK in 25ms (Views: 23.5ms)


Started GET "/" for 127.0.0.1 at 2017-11-03 18:52:42 +0700
Processing by StaticPagesController#home as HTML
  Rendering static_pages/home.html.erb within layouts/application
  Rendered static_pages/home.html.erb within layouts/application (0.7ms)
  Rendered layouts/_header.html.erb (0.3ms)
  Rendered layouts/_footer.html.erb (0.2ms)
Completed 200 OK in 49ms (Views: 46.5ms)


Started GET "/" for 127.0.0.1 at 2017-11-03 18:55:27 +0700
Processing by StaticPagesController#home as HTML
  Rendering static_pages/home.html.erb within layouts/application
  Rendered static_pages/home.html.erb within layouts/application (0.3ms)
  Rendered layouts/_header.html.erb (0.2ms)
  Rendered layouts/_footer.html.erb (0.2ms)
Completed 200 OK in 30ms (Views: 29.0ms)


Started GET "/" for 127.0.0.1 at 2017-11-03 18:55:39 +0700
Processing by StaticPagesController#home as HTML
  Rendering static_pages/home.html.erb within layouts/application
  Rendered static_pages/home.html.erb within layouts/application (0.5ms)
  Rendered layouts/_header.html.erb (0.3ms)
  Rendered layouts/_footer.html.erb (0.2ms)
Completed 200 OK in 25ms (Views: 24.0ms)


Started GET "/" for 127.0.0.1 at 2017-11-03 18:55:58 +0700
Processing by StaticPagesController#home as HTML
  Rendering static_pages/home.html.erb within layouts/application
  Rendered static_pages/home.html.erb within layouts/application (0.3ms)
  Rendered layouts/_header.html.erb (0.2ms)
  Rendered layouts/_footer.html.erb (1.8ms)
Completed 200 OK in 27ms (Views: 23.4ms)


Started GET "/" for 127.0.0.1 at 2017-11-03 18:56:16 +0700
Processing by StaticPagesController#home as HTML
  Rendering static_pages/home.html.erb within layouts/application
  Rendered static_pages/home.html.erb within layouts/application (0.3ms)
  Rendered layouts/_header.html.erb (0.2ms)
  Rendered layouts/_footer.html.erb (0.2ms)
Completed 200 OK in 21ms (Views: 19.8ms)


Started GET "/" for 127.0.0.1 at 2017-11-03 18:56:16 +0700
Processing by StaticPagesController#home as HTML
  Rendering static_pages/home.html.erb within layouts/application
  Rendered static_pages/home.html.erb within layouts/application (0.3ms)
  Rendered layouts/_header.html.erb (0.3ms)
  Rendered layouts/_footer.html.erb (0.2ms)
Completed 200 OK in 28ms (Views: 27.2ms)


Started GET "/" for 127.0.0.1 at 2017-11-03 18:56:44 +0700
Processing by StaticPagesController#home as HTML
  Rendering static_pages/home.html.erb within layouts/application
  Rendered static_pages/home.html.erb within layouts/application (0.3ms)
  Rendered layouts/_header.html.erb (0.3ms)
  Rendered layouts/_footer.html.erb (0.2ms)
Completed 200 OK in 23ms (Views: 22.0ms)


Started GET "/" for 127.0.0.1 at 2017-11-03 18:57:51 +0700
Processing by StaticPagesController#home as HTML
  Rendering static_pages/home.html.erb within layouts/application
  Rendered static_pages/home.html.erb within layouts/application (1.2ms)
  Rendered layouts/_header.html.erb (0.2ms)
  Rendered layouts/_footer.html.erb (0.3ms)
Completed 200 OK in 32ms (Views: 29.9ms)


Started GET "/" for 127.0.0.1 at 2017-11-03 19:01:36 +0700
Processing by StaticPagesController#home as HTML
  Rendering static_pages/home.html.erb within layouts/application
  Rendered static_pages/home.html.erb within layouts/application (0.5ms)
  Rendered layouts/_header.html.erb (0.3ms)
  Rendered layouts/_footer.html.erb (0.2ms)
Completed 200 OK in 34ms (Views: 33.2ms)


Started GET "/" for 127.0.0.1 at 2017-11-03 19:02:47 +0700
Processing by StaticPagesController#home as HTML
  Rendering static_pages/home.html.erb within layouts/application
  Rendered static_pages/home.html.erb within layouts/application (1.4ms)
  Rendered layouts/_header.html.erb (0.3ms)
  Rendered layouts/_footer.html.erb (0.3ms)
Completed 200 OK in 39ms (Views: 36.8ms)


Started GET "/" for 127.0.0.1 at 2017-11-03 19:03:23 +0700
Processing by StaticPagesController#home as HTML
  Rendering static_pages/home.html.erb within layouts/application
  Rendered static_pages/home.html.erb within layouts/application (1.0ms)
  Rendered layouts/_header.html.erb (0.3ms)
  Rendered layouts/_footer.html.erb (0.3ms)
Completed 200 OK in 43ms (Views: 39.6ms)


Started GET "/" for 127.0.0.1 at 2017-11-03 19:04:45 +0700
Processing by StaticPagesController#home as HTML
  Rendering static_pages/home.html.erb within layouts/application
  Rendered static_pages/home.html.erb within layouts/application (1.7ms)
  Rendered layouts/_header.html.erb (0.2ms)
  Rendered layouts/_footer.html.erb (0.2ms)
Completed 200 OK in 40ms (Views: 37.0ms)


Started GET "/" for 127.0.0.1 at 2017-11-03 19:05:43 +0700
Processing by StaticPagesController#home as HTML
  Rendering static_pages/home.html.erb within layouts/application
  Rendered static_pages/home.html.erb within layouts/application (0.4ms)
  Rendered layouts/_header.html.erb (0.4ms)
  Rendered layouts/_footer.html.erb (0.5ms)
Completed 200 OK in 25ms (Views: 24.5ms)


Started GET "/" for 127.0.0.1 at 2017-11-03 19:05:47 +0700
Processing by StaticPagesController#home as HTML
  Rendering static_pages/home.html.erb within layouts/application
  Rendered static_pages/home.html.erb within layouts/application (0.4ms)
  Rendered layouts/_header.html.erb (0.2ms)
  Rendered layouts/_footer.html.erb (0.2ms)
Completed 200 OK in 21ms (Views: 18.7ms)


Started GET "/" for 127.0.0.1 at 2017-11-03 19:05:47 +0700
Processing by StaticPagesController#home as HTML
  Rendering static_pages/home.html.erb within layouts/application
  Rendered static_pages/home.html.erb within layouts/application (0.5ms)
  Rendered layouts/_header.html.erb (0.3ms)
  Rendered layouts/_footer.html.erb (0.2ms)
Completed 200 OK in 25ms (Views: 24.2ms)


Started GET "/" for 127.0.0.1 at 2017-11-03 19:05:48 +0700
Processing by StaticPagesController#home as HTML
  Rendering static_pages/home.html.erb within layouts/application
  Rendered static_pages/home.html.erb within layouts/application (1.0ms)
  Rendered layouts/_header.html.erb (0.3ms)
  Rendered layouts/_footer.html.erb (0.2ms)
Completed 200 OK in 48ms (Views: 46.2ms)


Started GET "/" for 127.0.0.1 at 2017-11-03 19:05:49 +0700
Processing by StaticPagesController#home as HTML
  Rendering static_pages/home.html.erb within layouts/application
  Rendered static_pages/home.html.erb within layouts/application (0.4ms)
  Rendered layouts/_header.html.erb (1.0ms)
  Rendered layouts/_footer.html.erb (0.6ms)
Completed 200 OK in 40ms (Views: 36.0ms)


Started GET "/" for 127.0.0.1 at 2017-11-03 19:05:49 +0700
Processing by StaticPagesController#home as HTML
  Rendering static_pages/home.html.erb within layouts/application
  Rendered static_pages/home.html.erb within layouts/application (1.1ms)
  Rendered layouts/_header.html.erb (0.2ms)
  Rendered layouts/_footer.html.erb (0.2ms)
Completed 200 OK in 33ms (Views: 31.0ms)


Started GET "/" for 127.0.0.1 at 2017-11-03 19:05:50 +0700
Processing by StaticPagesController#home as HTML
  Rendering static_pages/home.html.erb within layouts/application
  Rendered static_pages/home.html.erb within layouts/application (1.1ms)
  Rendered layouts/_header.html.erb (0.3ms)
  Rendered layouts/_footer.html.erb (0.3ms)
Completed 200 OK in 49ms (Views: 46.9ms)


Started GET "/" for 127.0.0.1 at 2017-11-03 19:05:52 +0700
Processing by StaticPagesController#home as HTML
  Rendering static_pages/home.html.erb within layouts/application
  Rendered static_pages/home.html.erb within layouts/application (1.1ms)
  Rendered layouts/_header.html.erb (0.5ms)
  Rendered layouts/_footer.html.erb (0.5ms)
Completed 200 OK in 49ms (Views: 46.9ms)


Started GET "/" for 127.0.0.1 at 2017-11-03 19:05:53 +0700
Processing by StaticPagesController#home as HTML
  Rendering static_pages/home.html.erb within layouts/application
  Rendered static_pages/home.html.erb within layouts/application (0.5ms)
  Rendered layouts/_header.html.erb (0.3ms)
  Rendered layouts/_footer.html.erb (0.3ms)
Completed 200 OK in 36ms (Views: 33.7ms)


Started GET "/" for 127.0.0.1 at 2017-11-03 19:05:53 +0700
Processing by StaticPagesController#home as HTML
  Rendering static_pages/home.html.erb within layouts/application
  Rendered static_pages/home.html.erb within layouts/application (1.1ms)
  Rendered layouts/_header.html.erb (0.2ms)
  Rendered layouts/_footer.html.erb (0.2ms)
Completed 200 OK in 37ms (Views: 35.5ms)


Started GET "/" for 127.0.0.1 at 2017-11-03 19:05:53 +0700
Processing by StaticPagesController#home as HTML
  Rendering static_pages/home.html.erb within layouts/application
  Rendered static_pages/home.html.erb within layouts/application (1.2ms)
  Rendered layouts/_header.html.erb (0.2ms)
  Rendered layouts/_footer.html.erb (0.2ms)
Completed 200 OK in 52ms (Views: 49.8ms)


Started GET "/" for 127.0.0.1 at 2017-11-03 19:05:54 +0700
Processing by StaticPagesController#home as HTML
  Rendering static_pages/home.html.erb within layouts/application
  Rendered static_pages/home.html.erb within layouts/application (0.4ms)
  Rendered layouts/_header.html.erb (0.2ms)
  Rendered layouts/_footer.html.erb (0.2ms)
Completed 200 OK in 24ms (Views: 23.6ms)


Started GET "/" for 127.0.0.1 at 2017-11-03 19:05:54 +0700
Processing by StaticPagesController#home as HTML
  Rendering static_pages/home.html.erb within layouts/application
  Rendered static_pages/home.html.erb within layouts/application (1.5ms)
  Rendered layouts/_header.html.erb (0.8ms)
  Rendered layouts/_footer.html.erb (0.5ms)
Completed 200 OK in 30ms (Views: 27.8ms)


Started GET "/" for 127.0.0.1 at 2017-11-03 19:05:55 +0700
Processing by StaticPagesController#home as HTML
  Rendering static_pages/home.html.erb within layouts/application
  Rendered static_pages/home.html.erb within layouts/application (1.6ms)
  Rendered layouts/_header.html.erb (0.2ms)
  Rendered layouts/_footer.html.erb (0.2ms)
Completed 200 OK in 29ms (Views: 28.1ms)


Started GET "/" for 127.0.0.1 at 2017-11-03 19:05:55 +0700
Processing by StaticPagesController#home as HTML
  Rendering static_pages/home.html.erb within layouts/application
  Rendered static_pages/home.html.erb within layouts/application (0.4ms)
  Rendered layouts/_header.html.erb (0.2ms)
  Rendered layouts/_footer.html.erb (0.2ms)
Completed 200 OK in 23ms (Views: 22.8ms)


Started GET "/" for 127.0.0.1 at 2017-11-03 19:05:56 +0700
Processing by StaticPagesController#home as HTML
  Rendering static_pages/home.html.erb within layouts/application
  Rendered static_pages/home.html.erb within layouts/application (1.1ms)
  Rendered layouts/_header.html.erb (0.2ms)
  Rendered layouts/_footer.html.erb (0.2ms)
Completed 200 OK in 39ms (Views: 36.6ms)


Started GET "/" for 127.0.0.1 at 2017-11-03 19:05:56 +0700
Processing by StaticPagesController#home as HTML
  Rendering static_pages/home.html.erb within layouts/application
  Rendered static_pages/home.html.erb within layouts/application (0.4ms)
  Rendered layouts/_header.html.erb (0.5ms)
  Rendered layouts/_footer.html.erb (0.2ms)
Completed 200 OK in 24ms (Views: 23.6ms)


Started GET "/" for 127.0.0.1 at 2017-11-03 19:05:56 +0700
Processing by StaticPagesController#home as HTML
  Rendering static_pages/home.html.erb within layouts/application
  Rendered static_pages/home.html.erb within layouts/application (0.4ms)
  Rendered layouts/_header.html.erb (0.2ms)
  Rendered layouts/_footer.html.erb (0.2ms)
Completed 200 OK in 23ms (Views: 22.3ms)


Started GET "/" for 127.0.0.1 at 2017-11-03 19:05:58 +0700
Processing by StaticPagesController#home as HTML
  Rendering static_pages/home.html.erb within layouts/application
  Rendered static_pages/home.html.erb within layouts/application (0.5ms)
  Rendered layouts/_header.html.erb (0.2ms)
  Rendered layouts/_footer.html.erb (0.2ms)
Completed 200 OK in 27ms (Views: 24.9ms)


Started GET "/" for 127.0.0.1 at 2017-11-03 19:06:12 +0700
Processing by StaticPagesController#home as HTML
  Rendering static_pages/home.html.erb within layouts/application
  Rendered static_pages/home.html.erb within layouts/application (0.4ms)
  Rendered layouts/_header.html.erb (0.2ms)
  Rendered layouts/_footer.html.erb (0.2ms)
Completed 200 OK in 21ms (Views: 20.7ms)


Started GET "/" for 127.0.0.1 at 2017-11-03 19:06:15 +0700
Processing by StaticPagesController#home as HTML
  Rendering static_pages/home.html.erb within layouts/application
  Rendered static_pages/home.html.erb within layouts/application (0.4ms)
  Rendered layouts/_header.html.erb (0.2ms)
  Rendered layouts/_footer.html.erb (0.2ms)
Completed 200 OK in 24ms (Views: 23.6ms)


Started GET "/" for 127.0.0.1 at 2017-11-03 19:06:44 +0700
Processing by StaticPagesController#home as HTML
  Rendering static_pages/home.html.erb within layouts/application
  Rendered static_pages/home.html.erb within layouts/application (0.4ms)
  Rendered layouts/_header.html.erb (0.8ms)
  Rendered layouts/_footer.html.erb (0.9ms)
Completed 200 OK in 31ms (Views: 30.4ms)


Started GET "/" for 127.0.0.1 at 2017-11-03 19:09:32 +0700
Processing by StaticPagesController#home as HTML
  Rendering static_pages/home.html.erb within layouts/application
  Rendered static_pages/home.html.erb within layouts/application (0.4ms)
  Rendered layouts/_header.html.erb (0.3ms)
  Rendered layouts/_footer.html.erb (0.2ms)
Completed 200 OK in 37ms (Views: 36.0ms)


Started GET "/" for 127.0.0.1 at 2017-11-03 19:09:32 +0700
Processing by StaticPagesController#home as HTML
  Rendering static_pages/home.html.erb within layouts/application
  Rendered static_pages/home.html.erb within layouts/application (1.3ms)
  Rendered layouts/_header.html.erb (0.5ms)
  Rendered layouts/_footer.html.erb (0.9ms)
Completed 200 OK in 47ms (Views: 44.1ms)


Started GET "/" for 127.0.0.1 at 2017-11-03 19:09:32 +0700
Processing by StaticPagesController#home as HTML
  Rendering static_pages/home.html.erb within layouts/application
  Rendered static_pages/home.html.erb within layouts/application (1.2ms)
  Rendered layouts/_header.html.erb (0.4ms)
  Rendered layouts/_footer.html.erb (0.3ms)
Completed 200 OK in 63ms (Views: 61.1ms)


Started GET "/" for 127.0.0.1 at 2017-11-03 19:09:32 +0700
Processing by StaticPagesController#home as HTML
  Rendering static_pages/home.html.erb within layouts/application
  Rendered static_pages/home.html.erb within layouts/application (1.6ms)
  Rendered layouts/_header.html.erb (0.4ms)
  Rendered layouts/_footer.html.erb (1.2ms)
Completed 200 OK in 57ms (Views: 54.1ms)


Started GET "/" for 127.0.0.1 at 2017-11-03 19:09:33 +0700
Processing by StaticPagesController#home as HTML
  Rendering static_pages/home.html.erb within layouts/application
  Rendered static_pages/home.html.erb within layouts/application (1.3ms)
  Rendered layouts/_header.html.erb (0.4ms)
  Rendered layouts/_footer.html.erb (0.2ms)
Completed 200 OK in 62ms (Views: 60.3ms)


